Unable to capture context for thread 11380 in process 10368, can not generate back trace
Exception at PC 0x00007FFA348FBB93
Printing stacktrace...

Exception at PC 0x00007FFAB3E8A388
Exception at PC 0x00007FFAB3E8A388
Exception at PC 0x00007FFAB3E8A388
Exception at PC 0x00007FFAB3E8A388
Exception at PC 0x00007FFAB3E8A388
Exception at PC 0x00007FFAB3E8A388
Exception at PC 0x00007FFAB3E8A388
Exception at PC 0x00007FFAB3E8A388
Exception at PC 0x00007FFAB3E8A388
Exception at PC 0x00007FFAB3E8A388
Exception at PC 0x00007FFAB3E8A388
Exception at PC 0x00007FFAB3E8A388
Exception at PC 0x00007FFAB3E8A388
Exception at PC 0x00007FFAB3E8A388
Exception at PC 0x00007FFAB3E8A388
Exception at PC 0x00007FFAB3E8A388
Exception at PC 0x00007FFAB3E8A388
[0]  [0x00007FFA348FBB93]
[1]  [0x00007FFA348FBB93]
[2]  [0x00007FFA348FB4A1]
[3]  [0x00007FFA348FB3EF]
[4]  [0x00007FFA348E19FE]
[5]  [0x00007FFA348E0ED1]
[6]  [0x00007FFA348E0D76]
[7]  [0x00007FFA348879F6]
[8]  [0x00007FFA34877AFB]
[9]  [0x00007FFA3499E90A]
[10]  [0x00007FFA349B9F87]
[11]  [0x00007FFA349BA05F]
[12] (BaseThreadInitThunk+0x14) [0x00007FFAB66D3034]
[13] (RtlUserThreadStart+0x21) [0x00007FFAB77B1461]
Done
Exception at PC 0x00007FFAB3E8A388
