Unable to capture context for thread 20020 in process 29176, can not generate back trace
Unable to capture context for thread 27704 in process 29176, can not generate back trace
Exception at PC 0x00007FFA07D1A388
Unable to capture context for thread 20020 in process 29176, can not generate back trace
Unable to capture context for thread 23224 in process 29176, can not generate back trace
Exception at PC 0x00007FF9AC95BB93
Printing stacktrace...

Unable to capture context for thread 23224 in process 29176, can not generate back trace
Exception at PC 0x00007FFA07D1A388
Exception at PC 0x00007FFA07D1A388
Exception at PC 0x00007FFA07D1A388
Exception at PC 0x00007FFA07D1A388
Exception at PC 0x00007FFA07D1A388
Exception at PC 0x00007FFA07D1A388
Exception at PC 0x00007FFA07D1A388
Exception at PC 0x00007FFA07D1A388
Exception at PC 0x00007FFA07D1A388
Exception at PC 0x00007FFA07D1A388
Exception at PC 0x00007FFA07D1A388
Exception at PC 0x00007FFA07D1A388
Exception at PC 0x00007FFA07D1A388
Exception at PC 0x00007FFA07D1A388
Exception at PC 0x00007FFA07D1A388
[0]  [0x00007FF9AC95BB93]
[1]  [0x00007FF9AC95BB93]
[2]  [0x00007FF9AC95B4A1]
[3]  [0x00007FF9AC95B3EF]
[4]  [0x00007FF9AC9419FE]
[5]  [0x00007FF9AC940ED1]
[6]  [0x00007FF9AC940D76]
[7]  [0x00007FF9AC8E79F6]
[8]  [0x00007FF9AC8D7AFB]
[9]  [0x00007FF9AC9FE90A]
[10]  [0x00007FF9ACA19F87]
[11]  [0x00007FF9ACA1A05F]
[12] (BaseThreadInitThunk+0x14) [0x00007FFA0AB53034]
[13] (RtlUserThreadStart+0x21) [0x00007FFA0AEA1461]
Done
Exception at PC 0x00007FFA07D1A388
Exception at PC 0x00007FFA07D1A388
