Unable to capture context for thread 17560 in process 3988, can not generate back trace
Unable to capture context for thread 12352 in process 3988, can not generate back trace
Exception at PC 0x00007FFCCA4EBB93
Printing stacktrace...

Exception at PC 0x00007FFD4B76A388
Exception at PC 0x00007FFD4B76A388
Exception at PC 0x00007FFD4B76A388
Exception at PC 0x00007FFD4B76A388
Exception at PC 0x00007FFD4B76A388
Exception at PC 0x00007FFD4B76A388
Exception at PC 0x00007FFD4B76A388
Exception at PC 0x00007FFD4B76A388
Exception at PC 0x00007FFD4B76A388
Exception at PC 0x00007FFD4B76A388
Exception at PC 0x00007FFD4B76A388
Exception at PC 0x00007FFD4B76A388
Exception at PC 0x00007FFD4B76A388
Exception at PC 0x00007FFD4B76A388
Exception at PC 0x00007FFD4B76A388
Exception at PC 0x00007FFD4B76A388
[0]  [0x00007FFCCA4EBB93]
[1]  [0x00007FFCCA4EBB93]
[2]  [0x00007FFCCA4EB4A1]
[3]  [0x00007FFCCA4EB3EF]
[4]  [0x00007FFCCA4D19FE]
[5]  [0x00007FFCCA4D0ED1]
[6]  [0x00007FFCCA4D0D76]
[7]  [0x00007FFCCA4779F6]
[8]  [0x00007FFCCA467AFB]
[9]  [0x00007FFCCA58E90A]
[10]  [0x00007FFCCA5A9F87]
[11]  [0x00007FFCCA5AA05F]
[12] (BaseThreadInitThunk+0x14) [0x00007FFD4E273034]
[13] (RtlUserThreadStart+0x21) [0x00007FFD4EE91471]
Done
Exception at PC 0x00007FFD4B76A388
Exception at PC 0x00007FFD4B76A388
