Copyright 1986-2016 Xilinx, Inc. All Rights Reserved.
------------------------------------------------------------------------------------
| Tool Version : Vivado v.2016.3 (win64) Build 1682563 Mon Oct 10 19:07:27 MDT 2016
| Date         : Thu Oct 18 17:47:49 2018
| Host         : BE104PC06 running 64-bit major release  (build 9200)
| Command      : report_control_sets -verbose -file topMod_control_sets_placed.rpt
| Design       : topMod
| Device       : xc7a35t
------------------------------------------------------------------------------------

Control Set Information

Table of Contents
-----------------
1. Summary
2. Flip-Flop Distribution
3. Detailed Control Set Information

1. Summary
----------

+----------------------------------------------------------+-------+
|                          Status                          | Count |
+----------------------------------------------------------+-------+
| Number of unique control sets                            |     4 |
| Unused register locations in slices containing registers |    19 |
+----------------------------------------------------------+-------+


2. Flip-Flop Distribution
-------------------------

+--------------+-----------------------+------------------------+-----------------+--------------+
| Clock Enable | Synchronous Set/Reset | Asynchronous Set/Reset | Total Registers | Total Slices |
+--------------+-----------------------+------------------------+-----------------+--------------+
| No           | No                    | No                     |               4 |            1 |
| No           | No                    | Yes                    |               0 |            0 |
| No           | Yes                   | No                     |               0 |            0 |
| Yes          | No                    | No                     |               9 |            6 |
| Yes          | No                    | Yes                    |               0 |            0 |
| Yes          | Yes                   | No                     |               0 |            0 |
+--------------+-----------------------+------------------------+-----------------+--------------+


3. Detailed Control Set Information
-----------------------------------

+----------------------------+---------------------------------+------------------+------------------+----------------+
|        Clock Signal        |          Enable Signal          | Set/Reset Signal | Slice Load Count | Bel Load Count |
+----------------------------+---------------------------------+------------------+------------------+----------------+
|  test/my_clk_inst/clk_out1 | test/slowit/XLXI_39/CEO         |                  |                1 |              1 |
|  test/my_clk_inst/clk_out1 |                                 |                  |                1 |              4 |
|  test/my_clk_inst/clk_out1 | test/slowit/XLXI_38/CEO         |                  |                2 |              4 |
|  test/my_clk_inst/clk_out1 | test/slowit/XLXI_37/I_36_31_n_0 |                  |                3 |              4 |
+----------------------------+---------------------------------+------------------+------------------+----------------+


+--------+-----------------------+
| Fanout | Number of ControlSets |
+--------+-----------------------+
| 1      |                     1 |
| 4      |                     3 |
+--------+-----------------------+


