Vivado Simulator 2016.3
Copyright 1986-1999, 2001-2016 Xilinx, Inc. All Rights Reserved.
Running: C:/Xilinx/Vivado/2016.3/bin/unwrapped/win64.o/xelab.exe -wto 8e9b95458387485db92730c7504e936b --debug typical --relax --mt 2 -L xil_defaultlib -L unisims_ver -L unimacro_ver -L secureip --snapshot topMod6sim_behav xil_defaultlib.topMod6sim xil_defaultlib.glbl -log elaborate.log 
Using 2 slave threads.
Starting static elaboration
Completed static elaboration
Starting simulation data flow analysis
WARNING: [XSIM 43-4099] "C:/Users/David/Documents/UCSC/CMPE100/Lab6/Lab6.srcs/sources_1/imports/Desktop/Lab3/project_2/project_2.srcs/sources_1/new/m4_1e.v" Line 2. Module m4_1e doesn't have a timescale but at least one module in design has a timescale.
WARNING: [XSIM 43-4099] "C:/Users/David/Documents/UCSC/CMPE100/Lab6/Lab6.srcs/sources_1/imports/Desktop/Lab3/project_2/project_2.srcs/sources_1/new/m4_1e.v" Line 2. Module m4_1e doesn't have a timescale but at least one module in design has a timescale.
WARNING: [XSIM 43-4099] "C:/Users/David/Documents/UCSC/CMPE100/Lab6/Lab6.srcs/sources_1/imports/Desktop/Lab3/project_2/project_2.srcs/sources_1/new/m4_1e.v" Line 2. Module m4_1e doesn't have a timescale but at least one module in design has a timescale.
WARNING: [XSIM 43-4099] "C:/Users/David/Documents/UCSC/CMPE100/Lab6/Lab6.srcs/sources_1/imports/Desktop/Lab3/project_2/project_2.srcs/sources_1/new/m4_1e.v" Line 2. Module m4_1e doesn't have a timescale but at least one module in design has a timescale.
WARNING: [XSIM 43-4099] "C:/Users/David/Documents/UCSC/CMPE100/Lab6/Lab6.srcs/sources_1/imports/Desktop/Lab3/project_2/project_2.srcs/sources_1/new/m4_1e.v" Line 2. Module m4_1e doesn't have a timescale but at least one module in design has a timescale.
WARNING: [XSIM 43-4099] "C:/Users/David/Documents/UCSC/CMPE100/Lab6/Lab6.srcs/sources_1/imports/Desktop/Lab3/project_2/project_2.srcs/sources_1/new/m4_1e.v" Line 2. Module m4_1e doesn't have a timescale but at least one module in design has a timescale.
WARNING: [XSIM 43-4099] "C:/Users/David/Documents/UCSC/CMPE100/Lab6/Lab6.srcs/sources_1/imports/Desktop/Lab3/project_2/project_2.srcs/sources_1/new/m4_1e.v" Line 2. Module m4_1e doesn't have a timescale but at least one module in design has a timescale.
WARNING: [XSIM 43-4099] "C:/Users/David/Documents/UCSC/CMPE100/Lab6/Lab6.srcs/sources_1/imports/Desktop/Lab3/project_2/project_2.srcs/sources_1/new/m4_1e.v" Line 2. Module m4_1e doesn't have a timescale but at least one module in design has a timescale.
WARNING: [XSIM 43-4099] "C:/Users/David/Documents/UCSC/CMPE100/Lab6/Lab6.srcs/sources_1/imports/Desktop/Lab3/project_2/project_2.srcs/sources_1/new/m4_1e.v" Line 2. Module m4_1e doesn't have a timescale but at least one module in design has a timescale.
WARNING: [XSIM 43-4099] "C:/Users/David/Documents/UCSC/CMPE100/Lab6/Lab6.srcs/sources_1/imports/Desktop/Lab3/project_2/project_2.srcs/sources_1/new/m4_1e.v" Line 2. Module m4_1e doesn't have a timescale but at least one module in design has a timescale.
WARNING: [XSIM 43-4099] "C:/Users/David/Documents/UCSC/CMPE100/Lab6/Lab6.srcs/sources_1/imports/Desktop/Lab3/project_2/project_2.srcs/sources_1/new/m4_1e.v" Line 2. Module m4_1e doesn't have a timescale but at least one module in design has a timescale.
WARNING: [XSIM 43-4099] "C:/Users/David/Documents/UCSC/CMPE100/Lab6/Lab6.srcs/sources_1/imports/Desktop/Lab3/project_2/project_2.srcs/sources_1/new/m4_1e.v" Line 2. Module m4_1e doesn't have a timescale but at least one module in design has a timescale.
WARNING: [XSIM 43-4099] "C:/Users/David/Documents/UCSC/CMPE100/Lab6/Lab6.srcs/sources_1/imports/Desktop/Lab3/project_2/project_2.srcs/sources_1/new/m4_1e.v" Line 2. Module m4_1e doesn't have a timescale but at least one module in design has a timescale.
WARNING: [XSIM 43-4099] "C:/Users/David/Documents/UCSC/CMPE100/Lab6/Lab6.srcs/sources_1/imports/Desktop/Lab3/project_2/project_2.srcs/sources_1/new/m4_1e.v" Line 2. Module m4_1e doesn't have a timescale but at least one module in design has a timescale.
WARNING: [XSIM 43-4099] "C:/Users/David/Documents/UCSC/CMPE100/Lab6/Lab6.srcs/sources_1/imports/Desktop/Lab3/project_2/project_2.srcs/sources_1/new/m4_1e.v" Line 2. Module m4_1e doesn't have a timescale but at least one module in design has a timescale.
WARNING: [XSIM 43-4099] "C:/Users/David/Documents/UCSC/CMPE100/Lab6/Lab6.srcs/sources_1/imports/Desktop/Lab3/project_2/project_2.srcs/sources_1/new/m4_1e.v" Line 2. Module m4_1e doesn't have a timescale but at least one module in design has a timescale.
WARNING: [XSIM 43-4099] "C:/Users/David/Documents/UCSC/CMPE100/Lab6/Lab6.srcs/sources_1/imports/Desktop/Lab3/project_2/project_2.srcs/sources_1/new/m4_1e.v" Line 2. Module m4_1e doesn't have a timescale but at least one module in design has a timescale.
WARNING: [XSIM 43-4099] "C:/Users/David/Documents/UCSC/CMPE100/Lab6/Lab6.srcs/sources_1/imports/Desktop/Lab3/project_2/project_2.srcs/sources_1/new/m4_1e.v" Line 2. Module m4_1e doesn't have a timescale but at least one module in design has a timescale.
WARNING: [XSIM 43-4099] "C:/Users/David/Documents/UCSC/CMPE100/Lab6/Lab6.srcs/sources_1/imports/Desktop/Lab3/project_2/project_2.srcs/sources_1/new/m4_1e.v" Line 2. Module m4_1e doesn't have a timescale but at least one module in design has a timescale.
WARNING: [XSIM 43-4099] "C:/Users/David/Documents/UCSC/CMPE100/Lab6/Lab6.srcs/sources_1/imports/Desktop/Lab3/project_2/project_2.srcs/sources_1/new/m4_1e.v" Line 2. Module m4_1e doesn't have a timescale but at least one module in design has a timescale.
WARNING: [XSIM 43-4099] "C:/Users/David/Documents/UCSC/CMPE100/Lab6/Lab6.srcs/sources_1/imports/Desktop/Lab3/project_2/project_2.srcs/sources_1/new/m4_1e.v" Line 2. Module m4_1e doesn't have a timescale but at least one module in design has a timescale.
WARNING: [XSIM 43-4099] "C:/Users/David/Documents/UCSC/CMPE100/Lab6/Lab6.srcs/sources_1/imports/Desktop/Lab3/project_2/project_2.srcs/sources_1/new/m4_1e.v" Line 2. Module m4_1e doesn't have a timescale but at least one module in design has a timescale.
WARNING: [XSIM 43-4099] "C:/Users/David/Documents/UCSC/CMPE100/Lab6/Lab6.srcs/sources_1/imports/Desktop/Lab3/project_2/project_2.srcs/sources_1/new/m4_1e.v" Line 2. Module m4_1e doesn't have a timescale but at least one module in design has a timescale.
WARNING: [XSIM 43-4099] "C:/Users/David/Documents/UCSC/CMPE100/Lab6/Lab6.srcs/sources_1/imports/Desktop/Lab3/project_2/project_2.srcs/sources_1/new/m4_1e.v" Line 2. Module m4_1e doesn't have a timescale but at least one module in design has a timescale.
WARNING: [XSIM 43-4099] "C:/Users/David/Documents/UCSC/CMPE100/Lab6/Lab6.srcs/sources_1/imports/Desktop/Lab3/project_2/project_2.srcs/sources_1/new/m4_1e.v" Line 2. Module m4_1e doesn't have a timescale but at least one module in design has a timescale.
WARNING: [XSIM 43-4099] "C:/Users/David/Documents/UCSC/CMPE100/Lab6/Lab6.srcs/sources_1/imports/Desktop/Lab3/project_2/project_2.srcs/sources_1/new/m4_1e.v" Line 2. Module m4_1e doesn't have a timescale but at least one module in design has a timescale.
WARNING: [XSIM 43-4099] "C:/Users/David/Documents/UCSC/CMPE100/Lab6/Lab6.srcs/sources_1/imports/Desktop/Lab3/project_2/project_2.srcs/sources_1/new/m4_1e.v" Line 2. Module m4_1e doesn't have a timescale but at least one module in design has a timescale.
WARNING: [XSIM 43-4099] "C:/Users/David/Documents/UCSC/CMPE100/Lab6/Lab6.srcs/sources_1/imports/Desktop/Lab3/project_2/project_2.srcs/sources_1/new/m4_1e.v" Line 2. Module m4_1e doesn't have a timescale but at least one module in design has a timescale.
WARNING: [XSIM 43-4099] "C:/Users/David/Documents/UCSC/CMPE100/Lab6/Lab6.srcs/sources_1/imports/Desktop/Lab3/project_2/project_2.srcs/sources_1/new/m4_1e.v" Line 2. Module m4_1e doesn't have a timescale but at least one module in design has a timescale.
WARNING: [XSIM 43-4099] "C:/Users/David/Documents/UCSC/CMPE100/Lab6/Lab6.srcs/sources_1/imports/Desktop/Lab3/project_2/project_2.srcs/sources_1/new/m4_1e.v" Line 2. Module m4_1e doesn't have a timescale but at least one module in design has a timescale.
WARNING: [XSIM 43-4099] "C:/Users/David/Documents/UCSC/CMPE100/Lab6/Lab6.srcs/sources_1/imports/Desktop/Lab3/project_2/project_2.srcs/sources_1/new/m4_1e.v" Line 2. Module m4_1e doesn't have a timescale but at least one module in design has a timescale.
WARNING: [XSIM 43-4099] "C:/Users/David/Documents/UCSC/CMPE100/Lab6/Lab6.srcs/sources_1/imports/Desktop/Lab3/project_2/project_2.srcs/sources_1/new/m4_1e.v" Line 2. Module m4_1e doesn't have a timescale but at least one module in design has a timescale.
WARNING: [XSIM 43-4099] "C:/Users/David/Documents/UCSC/CMPE100/Lab6/Lab6.srcs/sources_1/imports/Desktop/Lab3/project_2/project_2.srcs/sources_1/new/m4_1e.v" Line 2. Module m4_1e doesn't have a timescale but at least one module in design has a timescale.
WARNING: [XSIM 43-4099] "C:/Users/David/Documents/UCSC/CMPE100/Lab6/Lab6.srcs/sources_1/imports/Desktop/Lab3/project_2/project_2.srcs/sources_1/new/m4_1e.v" Line 2. Module m4_1e doesn't have a timescale but at least one module in design has a timescale.
WARNING: [XSIM 43-4099] "C:/Users/David/Documents/UCSC/CMPE100/Lab6/Lab6.srcs/sources_1/imports/Desktop/Lab3/project_2/project_2.srcs/sources_1/new/m4_1e.v" Line 2. Module m4_1e doesn't have a timescale but at least one module in design has a timescale.
WARNING: [XSIM 43-4099] "C:/Users/David/Documents/UCSC/CMPE100/Lab6/Lab6.srcs/sources_1/imports/Desktop/Lab3/project_2/project_2.srcs/sources_1/new/m4_1e.v" Line 2. Module m4_1e doesn't have a timescale but at least one module in design has a timescale.
WARNING: [XSIM 43-4099] "C:/Users/David/Documents/UCSC/CMPE100/Lab6/Lab6.srcs/sources_1/imports/Desktop/Lab3/project_2/project_2.srcs/sources_1/new/m4_1e.v" Line 2. Module m4_1e doesn't have a timescale but at least one module in design has a timescale.
WARNING: [XSIM 43-4099] "C:/Users/David/Documents/UCSC/CMPE100/Lab6/Lab6.srcs/sources_1/imports/Desktop/Lab3/project_2/project_2.srcs/sources_1/new/m4_1e.v" Line 2. Module m4_1e doesn't have a timescale but at least one module in design has a timescale.
WARNING: [XSIM 43-4099] "C:/Users/David/Documents/UCSC/CMPE100/Lab6/Lab6.srcs/sources_1/imports/Desktop/Lab3/project_2/project_2.srcs/sources_1/new/m4_1e.v" Line 2. Module m4_1e doesn't have a timescale but at least one module in design has a timescale.
WARNING: [XSIM 43-4099] "C:/Users/David/Documents/UCSC/CMPE100/Lab6/Lab6.srcs/sources_1/imports/Desktop/Lab3/project_2/project_2.srcs/sources_1/new/m4_1e.v" Line 2. Module m4_1e doesn't have a timescale but at least one module in design has a timescale.
WARNING: [XSIM 43-4099] "C:/Users/David/Documents/UCSC/CMPE100/Lab6/Lab6.srcs/sources_1/imports/Desktop/Lab3/project_2/project_2.srcs/sources_1/new/m4_1e.v" Line 2. Module m4_1e doesn't have a timescale but at least one module in design has a timescale.
WARNING: [XSIM 43-4099] "C:/Users/David/Documents/UCSC/CMPE100/Lab6/Lab6.srcs/sources_1/imports/Desktop/Lab3/project_2/project_2.srcs/sources_1/new/m4_1e.v" Line 2. Module m4_1e doesn't have a timescale but at least one module in design has a timescale.
WARNING: [XSIM 43-4099] "C:/Users/David/Documents/UCSC/CMPE100/Lab6/Lab6.srcs/sources_1/imports/Desktop/Lab3/project_2/project_2.srcs/sources_1/new/m4_1e.v" Line 2. Module m4_1e doesn't have a timescale but at least one module in design has a timescale.
WARNING: [XSIM 43-4099] "C:/Users/David/Documents/UCSC/CMPE100/Lab6/Lab6.srcs/sources_1/imports/Desktop/Lab3/project_2/project_2.srcs/sources_1/new/m4_1e.v" Line 2. Module m4_1e doesn't have a timescale but at least one module in design has a timescale.
WARNING: [XSIM 43-4099] "C:/Users/David/Documents/UCSC/CMPE100/Lab6/Lab6.srcs/sources_1/imports/Desktop/Lab3/project_2/project_2.srcs/sources_1/new/m4_1e.v" Line 2. Module m4_1e doesn't have a timescale but at least one module in design has a timescale.
WARNING: [XSIM 43-4099] "C:/Users/David/Documents/UCSC/CMPE100/Lab6/Lab6.srcs/sources_1/imports/Desktop/Lab3/project_2/project_2.srcs/sources_1/new/m4_1e.v" Line 2. Module m4_1e doesn't have a timescale but at least one module in design has a timescale.
WARNING: [XSIM 43-4099] "C:/Users/David/Documents/UCSC/CMPE100/Lab6/Lab6.srcs/sources_1/imports/Desktop/Lab3/project_2/project_2.srcs/sources_1/new/m4_1e.v" Line 2. Module m4_1e doesn't have a timescale but at least one module in design has a timescale.
WARNING: [XSIM 43-4099] "C:/Users/David/Documents/UCSC/CMPE100/Lab6/Lab6.srcs/sources_1/imports/Desktop/Lab3/project_2/project_2.srcs/sources_1/new/m4_1e.v" Line 2. Module m4_1e doesn't have a timescale but at least one module in design has a timescale.
WARNING: [XSIM 43-4099] "C:/Users/David/Documents/UCSC/CMPE100/Lab6/Lab6.srcs/sources_1/imports/Desktop/Lab3/project_2/project_2.srcs/sources_1/new/m4_1e.v" Line 2. Module m4_1e doesn't have a timescale but at least one module in design has a timescale.
WARNING: [XSIM 43-4099] "C:/Users/David/Documents/UCSC/CMPE100/Lab6/Lab6.srcs/sources_1/imports/Desktop/Lab3/project_2/project_2.srcs/sources_1/new/m4_1e.v" Line 2. Module m4_1e doesn't have a timescale but at least one module in design has a timescale.
WARNING: [XSIM 43-4099] "C:/Users/David/Documents/UCSC/CMPE100/Lab6/Lab6.srcs/sources_1/imports/Desktop/Lab3/project_2/project_2.srcs/sources_1/new/m4_1e.v" Line 2. Module m4_1e doesn't have a timescale but at least one module in design has a timescale.
WARNING: [XSIM 43-4099] "C:/Users/David/Documents/UCSC/CMPE100/Lab6/Lab6.srcs/sources_1/imports/Desktop/Lab3/project_2/project_2.srcs/sources_1/new/m4_1e.v" Line 2. Module m4_1e doesn't have a timescale but at least one module in design has a timescale.
WARNING: [XSIM 43-4099] "C:/Users/David/Documents/UCSC/CMPE100/Lab6/Lab6.srcs/sources_1/imports/Desktop/Lab3/project_2/project_2.srcs/sources_1/new/m4_1e.v" Line 2. Module m4_1e doesn't have a timescale but at least one module in design has a timescale.
WARNING: [XSIM 43-4099] "C:/Users/David/Documents/UCSC/CMPE100/Lab6/Lab6.srcs/sources_1/imports/Desktop/Lab3/project_2/project_2.srcs/sources_1/new/m4_1e.v" Line 2. Module m4_1e doesn't have a timescale but at least one module in design has a timescale.
WARNING: [XSIM 43-4099] "C:/Users/David/Documents/UCSC/CMPE100/Lab6/Lab6.srcs/sources_1/imports/Desktop/Lab3/project_2/project_2.srcs/sources_1/new/m4_1e.v" Line 2. Module m4_1e doesn't have a timescale but at least one module in design has a timescale.
WARNING: [XSIM 43-4099] "C:/Users/David/Documents/UCSC/CMPE100/Lab6/Lab6.srcs/sources_1/imports/Desktop/Lab3/project_2/project_2.srcs/sources_1/new/m4_1e.v" Line 2. Module m4_1e doesn't have a timescale but at least one module in design has a timescale.
WARNING: [XSIM 43-4099] "C:/Users/David/Documents/UCSC/CMPE100/Lab6/Lab6.srcs/sources_1/imports/Desktop/Lab3/project_2/project_2.srcs/sources_1/new/m4_1e.v" Line 2. Module m4_1e doesn't have a timescale but at least one module in design has a timescale.
WARNING: [XSIM 43-4099] "C:/Users/David/Documents/UCSC/CMPE100/Lab6/Lab6.srcs/sources_1/imports/Desktop/Lab3/project_2/project_2.srcs/sources_1/new/m4_1e.v" Line 2. Module m4_1e doesn't have a timescale but at least one module in design has a timescale.
WARNING: [XSIM 43-4099] "C:/Users/David/Documents/UCSC/CMPE100/Lab6/Lab6.srcs/sources_1/imports/Desktop/Lab3/project_2/project_2.srcs/sources_1/new/m4_1e.v" Line 2. Module m4_1e doesn't have a timescale but at least one module in design has a timescale.
WARNING: [XSIM 43-4099] "C:/Users/David/Documents/UCSC/CMPE100/Lab6/Lab6.srcs/sources_1/imports/Desktop/Lab3/project_2/project_2.srcs/sources_1/new/m4_1e.v" Line 2. Module m4_1e doesn't have a timescale but at least one module in design has a timescale.
WARNING: [XSIM 43-4099] "C:/Users/David/Documents/UCSC/CMPE100/Lab6/Lab6.srcs/sources_1/imports/Desktop/Lab3/project_2/project_2.srcs/sources_1/new/m4_1e.v" Line 2. Module m4_1e doesn't have a timescale but at least one module in design has a timescale.
WARNING: [XSIM 43-4099] "C:/Users/David/Documents/UCSC/CMPE100/Lab6/Lab6.srcs/sources_1/imports/Desktop/Lab3/project_2/project_2.srcs/sources_1/new/m4_1e.v" Line 2. Module m4_1e doesn't have a timescale but at least one module in design has a timescale.
WARNING: [XSIM 43-4099] "C:/Users/David/Documents/UCSC/CMPE100/Lab6/Lab6.srcs/sources_1/imports/Desktop/Lab3/project_2/project_2.srcs/sources_1/new/m4_1e.v" Line 2. Module m4_1e doesn't have a timescale but at least one module in design has a timescale.
WARNING: [XSIM 43-4099] "C:/Users/David/Documents/UCSC/CMPE100/Lab6/Lab6.srcs/sources_1/imports/Desktop/Lab3/project_2/project_2.srcs/sources_1/new/m4_1e.v" Line 2. Module m4_1e doesn't have a timescale but at least one module in design has a timescale.
WARNING: [XSIM 43-4099] "C:/Users/David/Documents/UCSC/CMPE100/Lab6/Lab6.srcs/sources_1/imports/Desktop/Lab3/project_2/project_2.srcs/sources_1/new/m4_1e.v" Line 2. Module m4_1e doesn't have a timescale but at least one module in design has a timescale.
WARNING: [XSIM 43-4099] "C:/Users/David/Documents/UCSC/CMPE100/Lab6/Lab6.srcs/sources_1/imports/Desktop/Lab3/project_2/project_2.srcs/sources_1/new/m4_1e.v" Line 2. Module m4_1e doesn't have a timescale but at least one module in design has a timescale.
WARNING: [XSIM 43-4099] "C:/Users/David/Documents/UCSC/CMPE100/Lab6/Lab6.srcs/sources_1/imports/Desktop/Lab3/project_2/project_2.srcs/sources_1/new/m4_1e.v" Line 2. Module m4_1e doesn't have a timescale but at least one module in design has a timescale.
WARNING: [XSIM 43-4099] "C:/Users/David/Documents/UCSC/CMPE100/Lab6/Lab6.srcs/sources_1/imports/Desktop/Lab3/project_2/project_2.srcs/sources_1/new/m4_1e.v" Line 2. Module m4_1e doesn't have a timescale but at least one module in design has a timescale.
WARNING: [XSIM 43-4099] "C:/Users/David/Documents/UCSC/CMPE100/Lab6/Lab6.srcs/sources_1/imports/Desktop/Lab3/project_2/project_2.srcs/sources_1/new/m4_1e.v" Line 2. Module m4_1e doesn't have a timescale but at least one module in design has a timescale.
WARNING: [XSIM 43-4099] "C:/Users/David/Documents/UCSC/CMPE100/Lab6/Lab6.srcs/sources_1/imports/Desktop/Lab3/project_2/project_2.srcs/sources_1/new/m4_1e.v" Line 2. Module m4_1e doesn't have a timescale but at least one module in design has a timescale.
Completed simulation data flow analysis
Time Resolution for simulation is 1ps
Compiling module unisims_ver.IBUF
Compiling module unisims_ver.MMCME2_ADV(CLKFBOUT_MULT_F=9.125...
Compiling module unisims_ver.BUFG
Compiling module xil_defaultlib.clk_wiz_0
Compiling module unisims_ver.GND
Compiling module unisims_ver.x_lut2_mux4
Compiling module unisims_ver.LUT2
Compiling module unisims_ver.XOR2
Compiling module unisims_ver.ffsrce_fdce
Compiling module unisims_ver.FDCE
Compiling module xil_defaultlib.FTCE_MXILINX_clkcntrl4
Compiling module unisims_ver.LUT4
Compiling module unisims_ver.AND4
Compiling module unisims_ver.x_lut3_mux4
Compiling module unisims_ver.x_lut3_mux4_reduced_0
Compiling module unisims_ver.LUT3
Compiling module unisims_ver.AND3
Compiling module unisims_ver.AND2
Compiling module unisims_ver.VCC
Compiling module xil_defaultlib.CB4CE_MXILINX_clkcntrl4
Compiling module unisims_ver.BUF
Compiling module xil_defaultlib.clkcntrl4
Compiling module unisims_ver.STARTUPE2
Compiling module xil_defaultlib.lab6_clks
Compiling module unisims_ver.sffsrce_fdre
Compiling module unisims_ver.FDRE
Compiling module unisims_ver.FDRE(INIT=1'b1)
Compiling module xil_defaultlib.StateMachine
Compiling module xil_defaultlib.m4_1e
Compiling module xil_defaultlib.mux2_1
Compiling module xil_defaultlib.countUD3L
Compiling module xil_defaultlib.countUD5L
Compiling module xil_defaultlib.turkeyCount
Compiling module xil_defaultlib.fullAdd
Compiling module xil_defaultlib.segAdd
Compiling module xil_defaultlib.conv2sc
Compiling module xil_defaultlib.m2_1x8
Compiling module xil_defaultlib.countUD4L
Compiling module xil_defaultlib.RingCNT
Compiling module xil_defaultlib.Selector
Compiling module xil_defaultlib.m8_1e
Compiling module xil_defaultlib.hex7seg
Compiling module xil_defaultlib.topMod
Compiling module xil_defaultlib.topMod6sim
Compiling module xil_defaultlib.glbl
Built simulation snapshot topMod6sim_behav
