Copyright 1986-2016 Xilinx, Inc. All Rights Reserved.
------------------------------------------------------------------------------------
| Tool Version : Vivado v.2016.3 (win64) Build 1682563 Mon Oct 10 19:07:27 MDT 2016
| Date         : Thu Nov 08 13:46:02 2018
| Host         : BE104PC25 running 64-bit major release  (build 9200)
| Command      : report_control_sets -verbose -file TopMod5_control_sets_placed.rpt
| Design       : TopMod5
| Device       : xc7a35t
------------------------------------------------------------------------------------

Control Set Information

Table of Contents
-----------------
1. Summary
2. Flip-Flop Distribution
3. Detailed Control Set Information

1. Summary
----------

+----------------------------------------------------------+-------+
|                          Status                          | Count |
+----------------------------------------------------------+-------+
| Number of unique control sets                            |     9 |
| Unused register locations in slices containing registers |    32 |
+----------------------------------------------------------+-------+


2. Flip-Flop Distribution
-------------------------

+--------------+-----------------------+------------------------+-----------------+--------------+
| Clock Enable | Synchronous Set/Reset | Asynchronous Set/Reset | Total Registers | Total Slices |
+--------------+-----------------------+------------------------+-----------------+--------------+
| No           | No                    | No                     |              41 |           16 |
| No           | No                    | Yes                    |               0 |            0 |
| No           | Yes                   | No                     |               8 |            2 |
| Yes          | No                    | No                     |              14 |            7 |
| Yes          | No                    | Yes                    |               0 |            0 |
| Yes          | Yes                   | No                     |              33 |            9 |
+--------------+-----------------------+------------------------+-----------------+--------------+


3. Detailed Control Set Information
-----------------------------------

+------------------------------+------------------------------------+------------------+------------------+----------------+
|         Clock Signal         |            Enable Signal           | Set/Reset Signal | Slice Load Count | Bel Load Count |
+------------------------------+------------------------------------+------------------+------------------+----------------+
|  slowit/slowclk/clk_out      | slowit/slowclk/XLXI_45/CEO         |                  |                1 |              2 |
|  slowit/slowclk/clk_out      | slowit/slowclk/XLXI_40/TC          |                  |                2 |              4 |
|  slowit/slowclk/clk_out      | slowit/slowclk/XLXI_40/TC          | btnR_IBUF        |                1 |              4 |
|  slowit/my_clk_inst/clk_out1 |                                    |                  |                2 |              4 |
|  slowit/my_clk_inst/clk_out1 | slowit/slowclk/XLXI_38/CEO         |                  |                3 |              4 |
|  slowit/my_clk_inst/clk_out1 | slowit/slowclk/XLXI_37/I_36_31_n_0 |                  |                1 |              4 |
|  slowit/slowclk/clk_out      |                                    | btnR_IBUF        |                2 |              8 |
|  slowit/slowclk/clk_out      | stat/CE0                           | sh/reset0        |                8 |             29 |
|  slowit/slowclk/clk_out      |                                    |                  |               14 |             37 |
+------------------------------+------------------------------------+------------------+------------------+----------------+


+--------+-----------------------+
| Fanout | Number of ControlSets |
+--------+-----------------------+
| 2      |                     1 |
| 4      |                     5 |
| 8      |                     1 |
| 16+    |                     2 |
+--------+-----------------------+


