Vivado Simulator 2016.3
Copyright 1986-1999, 2001-2016 Xilinx, Inc. All Rights Reserved.
Running: C:/Xilinx/Vivado/2016.3/bin/unwrapped/win64.o/xelab.exe -wto e6083e0453b24d21a655f6280389ef08 --debug typical --relax --mt 2 -L xil_defaultlib -L unisims_ver -L unimacro_ver -L secureip --snapshot testSyncs_behav xil_defaultlib.testSyncs xil_defaultlib.glbl -log elaborate.log 
Using 2 slave threads.
Starting static elaboration
WARNING: [VRFC 10-278] actual bit length 8 differs from formal bit length 7 for port rnd [C:/Users/David/Documents/UCSC/CMPE100/Lab7/Lab7.srcs/sources_1/new/VGAcontr.v:52]
WARNING: [VRFC 10-278] actual bit length 4 differs from formal bit length 5 for port D [C:/Users/David/Documents/UCSC/CMPE100/Lab7/Lab7.srcs/sources_1/new/TopMod.v:59]
WARNING: [VRFC 10-278] actual bit length 4 differs from formal bit length 5 for port D [C:/Users/David/Documents/UCSC/CMPE100/Lab7/Lab7.srcs/sources_1/new/TopMod.v:60]
WARNING: [VRFC 10-1783] select index 7 into rnd is out of bounds [C:/Users/David/Documents/UCSC/CMPE100/Lab7/Lab7.srcs/sources_1/new/rndNum.v:30]
WARNING: [VRFC 10-597] element index 7 into rnd is out of bounds [C:/Users/David/Documents/UCSC/CMPE100/Lab7/Lab7.srcs/sources_1/new/rndNum.v:39]
Completed static elaboration
Starting simulation data flow analysis
WARNING: [XSIM 43-4099] "C:/Users/David/Documents/UCSC/CMPE100/Lab7/Lab7.srcs/sources_1/new/m4_1e.v" Line 2. Module m4_1e doesn't have a timescale but at least one module in design has a timescale.
WARNING: [XSIM 43-4099] "C:/Users/David/Documents/UCSC/CMPE100/Lab7/Lab7.srcs/sources_1/new/m4_1e.v" Line 2. Module m4_1e doesn't have a timescale but at least one module in design has a timescale.
WARNING: [XSIM 43-4099] "C:/Users/David/Documents/UCSC/CMPE100/Lab7/Lab7.srcs/sources_1/new/m4_1e.v" Line 2. Module m4_1e doesn't have a timescale but at least one module in design has a timescale.
WARNING: [XSIM 43-4099] "C:/Users/David/Documents/UCSC/CMPE100/Lab7/Lab7.srcs/sources_1/new/m4_1e.v" Line 2. Module m4_1e doesn't have a timescale but at least one module in design has a timescale.
WARNING: [XSIM 43-4099] "C:/Users/David/Documents/UCSC/CMPE100/Lab7/Lab7.srcs/sources_1/new/m4_1e.v" Line 2. Module m4_1e doesn't have a timescale but at least one module in design has a timescale.
WARNING: [XSIM 43-4099] "C:/Users/David/Documents/UCSC/CMPE100/Lab7/Lab7.srcs/sources_1/new/m4_1e.v" Line 2. Module m4_1e doesn't have a timescale but at least one module in design has a timescale.
WARNING: [XSIM 43-4099] "C:/Users/David/Documents/UCSC/CMPE100/Lab7/Lab7.srcs/sources_1/new/m4_1e.v" Line 2. Module m4_1e doesn't have a timescale but at least one module in design has a timescale.
WARNING: [XSIM 43-4099] "C:/Users/David/Documents/UCSC/CMPE100/Lab7/Lab7.srcs/sources_1/new/m4_1e.v" Line 2. Module m4_1e doesn't have a timescale but at least one module in design has a timescale.
WARNING: [XSIM 43-4099] "C:/Users/David/Documents/UCSC/CMPE100/Lab7/Lab7.srcs/sources_1/new/m4_1e.v" Line 2. Module m4_1e doesn't have a timescale but at least one module in design has a timescale.
WARNING: [XSIM 43-4099] "C:/Users/David/Documents/UCSC/CMPE100/Lab7/Lab7.srcs/sources_1/new/m4_1e.v" Line 2. Module m4_1e doesn't have a timescale but at least one module in design has a timescale.
WARNING: [XSIM 43-4099] "C:/Users/David/Documents/UCSC/CMPE100/Lab7/Lab7.srcs/sources_1/new/m4_1e.v" Line 2. Module m4_1e doesn't have a timescale but at least one module in design has a timescale.
WARNING: [XSIM 43-4099] "C:/Users/David/Documents/UCSC/CMPE100/Lab7/Lab7.srcs/sources_1/new/m4_1e.v" Line 2. Module m4_1e doesn't have a timescale but at least one module in design has a timescale.
WARNING: [XSIM 43-4099] "C:/Users/David/Documents/UCSC/CMPE100/Lab7/Lab7.srcs/sources_1/new/m4_1e.v" Line 2. Module m4_1e doesn't have a timescale but at least one module in design has a timescale.
WARNING: [XSIM 43-4099] "C:/Users/David/Documents/UCSC/CMPE100/Lab7/Lab7.srcs/sources_1/new/m4_1e.v" Line 2. Module m4_1e doesn't have a timescale but at least one module in design has a timescale.
WARNING: [XSIM 43-4099] "C:/Users/David/Documents/UCSC/CMPE100/Lab7/Lab7.srcs/sources_1/new/m4_1e.v" Line 2. Module m4_1e doesn't have a timescale but at least one module in design has a timescale.
WARNING: [XSIM 43-4099] "C:/Users/David/Documents/UCSC/CMPE100/Lab7/Lab7.srcs/sources_1/new/m4_1e.v" Line 2. Module m4_1e doesn't have a timescale but at least one module in design has a timescale.
WARNING: [XSIM 43-4099] "C:/Users/David/Documents/UCSC/CMPE100/Lab7/Lab7.srcs/sources_1/new/m4_1e.v" Line 2. Module m4_1e doesn't have a timescale but at least one module in design has a timescale.
WARNING: [XSIM 43-4099] "C:/Users/David/Documents/UCSC/CMPE100/Lab7/Lab7.srcs/sources_1/new/m4_1e.v" Line 2. Module m4_1e doesn't have a timescale but at least one module in design has a timescale.
WARNING: [XSIM 43-4099] "C:/Users/David/Documents/UCSC/CMPE100/Lab7/Lab7.srcs/sources_1/new/m4_1e.v" Line 2. Module m4_1e doesn't have a timescale but at least one module in design has a timescale.
WARNING: [XSIM 43-4099] "C:/Users/David/Documents/UCSC/CMPE100/Lab7/Lab7.srcs/sources_1/new/m4_1e.v" Line 2. Module m4_1e doesn't have a timescale but at least one module in design has a timescale.
WARNING: [XSIM 43-4099] "C:/Users/David/Documents/UCSC/CMPE100/Lab7/Lab7.srcs/sources_1/new/m4_1e.v" Line 2. Module m4_1e doesn't have a timescale but at least one module in design has a timescale.
WARNING: [XSIM 43-4099] "C:/Users/David/Documents/UCSC/CMPE100/Lab7/Lab7.srcs/sources_1/new/m4_1e.v" Line 2. Module m4_1e doesn't have a timescale but at least one module in design has a timescale.
WARNING: [XSIM 43-4099] "C:/Users/David/Documents/UCSC/CMPE100/Lab7/Lab7.srcs/sources_1/new/m4_1e.v" Line 2. Module m4_1e doesn't have a timescale but at least one module in design has a timescale.
WARNING: [XSIM 43-4099] "C:/Users/David/Documents/UCSC/CMPE100/Lab7/Lab7.srcs/sources_1/new/m4_1e.v" Line 2. Module m4_1e doesn't have a timescale but at least one module in design has a timescale.
WARNING: [XSIM 43-4099] "C:/Users/David/Documents/UCSC/CMPE100/Lab7/Lab7.srcs/sources_1/new/m4_1e.v" Line 2. Module m4_1e doesn't have a timescale but at least one module in design has a timescale.
WARNING: [XSIM 43-4099] "C:/Users/David/Documents/UCSC/CMPE100/Lab7/Lab7.srcs/sources_1/new/m4_1e.v" Line 2. Module m4_1e doesn't have a timescale but at least one module in design has a timescale.
WARNING: [XSIM 43-4099] "C:/Users/David/Documents/UCSC/CMPE100/Lab7/Lab7.srcs/sources_1/new/m4_1e.v" Line 2. Module m4_1e doesn't have a timescale but at least one module in design has a timescale.
WARNING: [XSIM 43-4099] "C:/Users/David/Documents/UCSC/CMPE100/Lab7/Lab7.srcs/sources_1/new/m4_1e.v" Line 2. Module m4_1e doesn't have a timescale but at least one module in design has a timescale.
WARNING: [XSIM 43-4099] "C:/Users/David/Documents/UCSC/CMPE100/Lab7/Lab7.srcs/sources_1/new/m4_1e.v" Line 2. Module m4_1e doesn't have a timescale but at least one module in design has a timescale.
WARNING: [XSIM 43-4099] "C:/Users/David/Documents/UCSC/CMPE100/Lab7/Lab7.srcs/sources_1/new/m4_1e.v" Line 2. Module m4_1e doesn't have a timescale but at least one module in design has a timescale.
WARNING: [XSIM 43-4099] "C:/Users/David/Documents/UCSC/CMPE100/Lab7/Lab7.srcs/sources_1/new/m4_1e.v" Line 2. Module m4_1e doesn't have a timescale but at least one module in design has a timescale.
WARNING: [XSIM 43-4099] "C:/Users/David/Documents/UCSC/CMPE100/Lab7/Lab7.srcs/sources_1/new/m4_1e.v" Line 2. Module m4_1e doesn't have a timescale but at least one module in design has a timescale.
WARNING: [XSIM 43-4099] "C:/Users/David/Documents/UCSC/CMPE100/Lab7/Lab7.srcs/sources_1/new/m4_1e.v" Line 2. Module m4_1e doesn't have a timescale but at least one module in design has a timescale.
WARNING: [XSIM 43-4099] "C:/Users/David/Documents/UCSC/CMPE100/Lab7/Lab7.srcs/sources_1/new/m4_1e.v" Line 2. Module m4_1e doesn't have a timescale but at least one module in design has a timescale.
WARNING: [XSIM 43-4099] "C:/Users/David/Documents/UCSC/CMPE100/Lab7/Lab7.srcs/sources_1/new/m4_1e.v" Line 2. Module m4_1e doesn't have a timescale but at least one module in design has a timescale.
WARNING: [XSIM 43-4099] "C:/Users/David/Documents/UCSC/CMPE100/Lab7/Lab7.srcs/sources_1/new/m4_1e.v" Line 2. Module m4_1e doesn't have a timescale but at least one module in design has a timescale.
WARNING: [XSIM 43-4099] "C:/Users/David/Documents/UCSC/CMPE100/Lab7/Lab7.srcs/sources_1/new/m4_1e.v" Line 2. Module m4_1e doesn't have a timescale but at least one module in design has a timescale.
WARNING: [XSIM 43-4099] "C:/Users/David/Documents/UCSC/CMPE100/Lab7/Lab7.srcs/sources_1/new/m4_1e.v" Line 2. Module m4_1e doesn't have a timescale but at least one module in design has a timescale.
WARNING: [XSIM 43-4099] "C:/Users/David/Documents/UCSC/CMPE100/Lab7/Lab7.srcs/sources_1/new/m4_1e.v" Line 2. Module m4_1e doesn't have a timescale but at least one module in design has a timescale.
WARNING: [XSIM 43-4099] "C:/Users/David/Documents/UCSC/CMPE100/Lab7/Lab7.srcs/sources_1/new/m4_1e.v" Line 2. Module m4_1e doesn't have a timescale but at least one module in design has a timescale.
WARNING: [XSIM 43-4099] "C:/Users/David/Documents/UCSC/CMPE100/Lab7/Lab7.srcs/sources_1/new/edgeDect.v" Line 1. Module edgeDect doesn't have a timescale but at least one module in design has a timescale.
WARNING: [XSIM 43-4099] "C:/Users/David/Documents/UCSC/CMPE100/Lab7/Lab7.srcs/sources_1/new/m4_1e.v" Line 2. Module m4_1e doesn't have a timescale but at least one module in design has a timescale.
WARNING: [XSIM 43-4099] "C:/Users/David/Documents/UCSC/CMPE100/Lab7/Lab7.srcs/sources_1/new/m4_1e.v" Line 2. Module m4_1e doesn't have a timescale but at least one module in design has a timescale.
WARNING: [XSIM 43-4099] "C:/Users/David/Documents/UCSC/CMPE100/Lab7/Lab7.srcs/sources_1/new/m4_1e.v" Line 2. Module m4_1e doesn't have a timescale but at least one module in design has a timescale.
WARNING: [XSIM 43-4099] "C:/Users/David/Documents/UCSC/CMPE100/Lab7/Lab7.srcs/sources_1/new/m4_1e.v" Line 2. Module m4_1e doesn't have a timescale but at least one module in design has a timescale.
WARNING: [XSIM 43-4099] "C:/Users/David/Documents/UCSC/CMPE100/Lab7/Lab7.srcs/sources_1/new/m4_1e.v" Line 2. Module m4_1e doesn't have a timescale but at least one module in design has a timescale.
WARNING: [XSIM 43-4099] "C:/Users/David/Documents/UCSC/CMPE100/Lab7/Lab7.srcs/sources_1/new/m4_1e.v" Line 2. Module m4_1e doesn't have a timescale but at least one module in design has a timescale.
WARNING: [XSIM 43-4099] "C:/Users/David/Documents/UCSC/CMPE100/Lab7/Lab7.srcs/sources_1/new/m4_1e.v" Line 2. Module m4_1e doesn't have a timescale but at least one module in design has a timescale.
WARNING: [XSIM 43-4099] "C:/Users/David/Documents/UCSC/CMPE100/Lab7/Lab7.srcs/sources_1/new/m4_1e.v" Line 2. Module m4_1e doesn't have a timescale but at least one module in design has a timescale.
WARNING: [XSIM 43-4099] "C:/Users/David/Documents/UCSC/CMPE100/Lab7/Lab7.srcs/sources_1/new/m4_1e.v" Line 2. Module m4_1e doesn't have a timescale but at least one module in design has a timescale.
WARNING: [XSIM 43-4099] "C:/Users/David/Documents/UCSC/CMPE100/Lab7/Lab7.srcs/sources_1/new/m4_1e.v" Line 2. Module m4_1e doesn't have a timescale but at least one module in design has a timescale.
WARNING: [XSIM 43-4099] "C:/Users/David/Documents/UCSC/CMPE100/Lab7/Lab7.srcs/sources_1/new/m4_1e.v" Line 2. Module m4_1e doesn't have a timescale but at least one module in design has a timescale.
WARNING: [XSIM 43-4099] "C:/Users/David/Documents/UCSC/CMPE100/Lab7/Lab7.srcs/sources_1/new/m4_1e.v" Line 2. Module m4_1e doesn't have a timescale but at least one module in design has a timescale.
WARNING: [XSIM 43-4099] "C:/Users/David/Documents/UCSC/CMPE100/Lab7/Lab7.srcs/sources_1/new/m4_1e.v" Line 2. Module m4_1e doesn't have a timescale but at least one module in design has a timescale.
WARNING: [XSIM 43-4099] "C:/Users/David/Documents/UCSC/CMPE100/Lab7/Lab7.srcs/sources_1/new/m4_1e.v" Line 2. Module m4_1e doesn't have a timescale but at least one module in design has a timescale.
WARNING: [XSIM 43-4099] "C:/Users/David/Documents/UCSC/CMPE100/Lab7/Lab7.srcs/sources_1/new/m4_1e.v" Line 2. Module m4_1e doesn't have a timescale but at least one module in design has a timescale.
WARNING: [XSIM 43-4099] "C:/Users/David/Documents/UCSC/CMPE100/Lab7/Lab7.srcs/sources_1/new/m4_1e.v" Line 2. Module m4_1e doesn't have a timescale but at least one module in design has a timescale.
WARNING: [XSIM 43-4099] "C:/Users/David/Documents/UCSC/CMPE100/Lab7/Lab7.srcs/sources_1/new/m4_1e.v" Line 2. Module m4_1e doesn't have a timescale but at least one module in design has a timescale.
WARNING: [XSIM 43-4099] "C:/Users/David/Documents/UCSC/CMPE100/Lab7/Lab7.srcs/sources_1/new/m4_1e.v" Line 2. Module m4_1e doesn't have a timescale but at least one module in design has a timescale.
WARNING: [XSIM 43-4099] "C:/Users/David/Documents/UCSC/CMPE100/Lab7/Lab7.srcs/sources_1/new/m4_1e.v" Line 2. Module m4_1e doesn't have a timescale but at least one module in design has a timescale.
WARNING: [XSIM 43-4099] "C:/Users/David/Documents/UCSC/CMPE100/Lab7/Lab7.srcs/sources_1/new/m4_1e.v" Line 2. Module m4_1e doesn't have a timescale but at least one module in design has a timescale.
WARNING: [XSIM 43-4099] "C:/Users/David/Documents/UCSC/CMPE100/Lab7/Lab7.srcs/sources_1/new/m4_1e.v" Line 2. Module m4_1e doesn't have a timescale but at least one module in design has a timescale.
WARNING: [XSIM 43-4099] "C:/Users/David/Documents/UCSC/CMPE100/Lab7/Lab7.srcs/sources_1/new/m4_1e.v" Line 2. Module m4_1e doesn't have a timescale but at least one module in design has a timescale.
WARNING: [XSIM 43-4099] "C:/Users/David/Documents/UCSC/CMPE100/Lab7/Lab7.srcs/sources_1/new/m4_1e.v" Line 2. Module m4_1e doesn't have a timescale but at least one module in design has a timescale.
WARNING: [XSIM 43-4099] "C:/Users/David/Documents/UCSC/CMPE100/Lab7/Lab7.srcs/sources_1/new/m4_1e.v" Line 2. Module m4_1e doesn't have a timescale but at least one module in design has a timescale.
WARNING: [XSIM 43-4099] "C:/Users/David/Documents/UCSC/CMPE100/Lab7/Lab7.srcs/sources_1/new/m4_1e.v" Line 2. Module m4_1e doesn't have a timescale but at least one module in design has a timescale.
WARNING: [XSIM 43-4099] "C:/Users/David/Documents/UCSC/CMPE100/Lab7/Lab7.srcs/sources_1/new/m4_1e.v" Line 2. Module m4_1e doesn't have a timescale but at least one module in design has a timescale.
WARNING: [XSIM 43-4099] "C:/Users/David/Documents/UCSC/CMPE100/Lab7/Lab7.srcs/sources_1/new/m4_1e.v" Line 2. Module m4_1e doesn't have a timescale but at least one module in design has a timescale.
WARNING: [XSIM 43-4099] "C:/Users/David/Documents/UCSC/CMPE100/Lab7/Lab7.srcs/sources_1/new/m4_1e.v" Line 2. Module m4_1e doesn't have a timescale but at least one module in design has a timescale.
WARNING: [XSIM 43-4099] "C:/Users/David/Documents/UCSC/CMPE100/Lab7/Lab7.srcs/sources_1/new/m4_1e.v" Line 2. Module m4_1e doesn't have a timescale but at least one module in design has a timescale.
WARNING: [XSIM 43-4099] "C:/Users/David/Documents/UCSC/CMPE100/Lab7/Lab7.srcs/sources_1/new/m4_1e.v" Line 2. Module m4_1e doesn't have a timescale but at least one module in design has a timescale.
WARNING: [XSIM 43-4099] "C:/Users/David/Documents/UCSC/CMPE100/Lab7/Lab7.srcs/sources_1/new/m4_1e.v" Line 2. Module m4_1e doesn't have a timescale but at least one module in design has a timescale.
WARNING: [XSIM 43-4099] "C:/Users/David/Documents/UCSC/CMPE100/Lab7/Lab7.srcs/sources_1/new/m4_1e.v" Line 2. Module m4_1e doesn't have a timescale but at least one module in design has a timescale.
WARNING: [XSIM 43-4099] "C:/Users/David/Documents/UCSC/CMPE100/Lab7/Lab7.srcs/sources_1/new/m4_1e.v" Line 2. Module m4_1e doesn't have a timescale but at least one module in design has a timescale.
WARNING: [XSIM 43-4099] "C:/Users/David/Documents/UCSC/CMPE100/Lab7/Lab7.srcs/sources_1/new/m4_1e.v" Line 2. Module m4_1e doesn't have a timescale but at least one module in design has a timescale.
WARNING: [XSIM 43-4099] "C:/Users/David/Documents/UCSC/CMPE100/Lab7/Lab7.srcs/sources_1/new/m4_1e.v" Line 2. Module m4_1e doesn't have a timescale but at least one module in design has a timescale.
WARNING: [XSIM 43-4099] "C:/Users/David/Documents/UCSC/CMPE100/Lab7/Lab7.srcs/sources_1/new/m4_1e.v" Line 2. Module m4_1e doesn't have a timescale but at least one module in design has a timescale.
WARNING: [XSIM 43-4099] "C:/Users/David/Documents/UCSC/CMPE100/Lab7/Lab7.srcs/sources_1/new/m4_1e.v" Line 2. Module m4_1e doesn't have a timescale but at least one module in design has a timescale.
WARNING: [XSIM 43-4099] "C:/Users/David/Documents/UCSC/CMPE100/Lab7/Lab7.srcs/sources_1/new/m4_1e.v" Line 2. Module m4_1e doesn't have a timescale but at least one module in design has a timescale.
WARNING: [XSIM 43-4099] "C:/Users/David/Documents/UCSC/CMPE100/Lab7/Lab7.srcs/sources_1/new/m4_1e.v" Line 2. Module m4_1e doesn't have a timescale but at least one module in design has a timescale.
WARNING: [XSIM 43-4099] "C:/Users/David/Documents/UCSC/CMPE100/Lab7/Lab7.srcs/sources_1/new/m4_1e.v" Line 2. Module m4_1e doesn't have a timescale but at least one module in design has a timescale.
WARNING: [XSIM 43-4099] "C:/Users/David/Documents/UCSC/CMPE100/Lab7/Lab7.srcs/sources_1/new/m4_1e.v" Line 2. Module m4_1e doesn't have a timescale but at least one module in design has a timescale.
WARNING: [XSIM 43-4099] "C:/Users/David/Documents/UCSC/CMPE100/Lab7/Lab7.srcs/sources_1/new/m4_1e.v" Line 2. Module m4_1e doesn't have a timescale but at least one module in design has a timescale.
WARNING: [XSIM 43-4099] "C:/Users/David/Documents/UCSC/CMPE100/Lab7/Lab7.srcs/sources_1/new/m4_1e.v" Line 2. Module m4_1e doesn't have a timescale but at least one module in design has a timescale.
WARNING: [XSIM 43-4099] "C:/Users/David/Documents/UCSC/CMPE100/Lab7/Lab7.srcs/sources_1/new/m4_1e.v" Line 2. Module m4_1e doesn't have a timescale but at least one module in design has a timescale.
WARNING: [XSIM 43-4099] "C:/Users/David/Documents/UCSC/CMPE100/Lab7/Lab7.srcs/sources_1/new/m4_1e.v" Line 2. Module m4_1e doesn't have a timescale but at least one module in design has a timescale.
WARNING: [XSIM 43-4099] "C:/Users/David/Documents/UCSC/CMPE100/Lab7/Lab7.srcs/sources_1/new/m4_1e.v" Line 2. Module m4_1e doesn't have a timescale but at least one module in design has a timescale.
WARNING: [XSIM 43-4099] "C:/Users/David/Documents/UCSC/CMPE100/Lab7/Lab7.srcs/sources_1/new/m4_1e.v" Line 2. Module m4_1e doesn't have a timescale but at least one module in design has a timescale.
WARNING: [XSIM 43-4099] "C:/Users/David/Documents/UCSC/CMPE100/Lab7/Lab7.srcs/sources_1/new/m4_1e.v" Line 2. Module m4_1e doesn't have a timescale but at least one module in design has a timescale.
WARNING: [XSIM 43-4099] "C:/Users/David/Documents/UCSC/CMPE100/Lab7/Lab7.srcs/sources_1/new/m4_1e.v" Line 2. Module m4_1e doesn't have a timescale but at least one module in design has a timescale.
WARNING: [XSIM 43-4099] "C:/Users/David/Documents/UCSC/CMPE100/Lab7/Lab7.srcs/sources_1/new/m4_1e.v" Line 2. Module m4_1e doesn't have a timescale but at least one module in design has a timescale.
WARNING: [XSIM 43-4099] "C:/Users/David/Documents/UCSC/CMPE100/Lab7/Lab7.srcs/sources_1/new/m4_1e.v" Line 2. Module m4_1e doesn't have a timescale but at least one module in design has a timescale.
WARNING: [XSIM 43-4099] "C:/Users/David/Documents/UCSC/CMPE100/Lab7/Lab7.srcs/sources_1/new/m4_1e.v" Line 2. Module m4_1e doesn't have a timescale but at least one module in design has a timescale.
WARNING: [XSIM 43-4099] "C:/Users/David/Documents/UCSC/CMPE100/Lab7/Lab7.srcs/sources_1/new/m4_1e.v" Line 2. Module m4_1e doesn't have a timescale but at least one module in design has a timescale.
WARNING: [XSIM 43-4099] "C:/Users/David/Documents/UCSC/CMPE100/Lab7/Lab7.srcs/sources_1/new/m4_1e.v" Line 2. Module m4_1e doesn't have a timescale but at least one module in design has a timescale.
WARNING: [XSIM 43-4099] "C:/Users/David/Documents/UCSC/CMPE100/Lab7/Lab7.srcs/sources_1/new/m4_1e.v" Line 2. Module m4_1e doesn't have a timescale but at least one module in design has a timescale.
WARNING: [XSIM 43-4099] "C:/Users/David/Documents/UCSC/CMPE100/Lab7/Lab7.srcs/sources_1/new/m4_1e.v" Line 2. Module m4_1e doesn't have a timescale but at least one module in design has a timescale.
WARNING: [XSIM 43-4099] "C:/Users/David/Documents/UCSC/CMPE100/Lab7/Lab7.srcs/sources_1/new/m4_1e.v" Line 2. Module m4_1e doesn't have a timescale but at least one module in design has a timescale.
WARNING: [XSIM 43-4099] "C:/Users/David/Documents/UCSC/CMPE100/Lab7/Lab7.srcs/sources_1/new/m4_1e.v" Line 2. Module m4_1e doesn't have a timescale but at least one module in design has a timescale.
WARNING: [XSIM 43-4099] "C:/Users/David/Documents/UCSC/CMPE100/Lab7/Lab7.srcs/sources_1/new/m4_1e.v" Line 2. Module m4_1e doesn't have a timescale but at least one module in design has a timescale.
INFO: [Common 17-14] Message 'XSIM 43-4099' appears 100 times and further instances of the messages will be disabled. Use the Tcl command set_msg_config to change the current settings.
Completed simulation data flow analysis
Time Resolution for simulation is 1ps
Compiling module unisims_ver.sffsrce_fdre
Compiling module unisims_ver.FDRE
Compiling module unisims_ver.IBUF
Compiling module unisims_ver.MMCME2_ADV(CLKFBOUT_MULT_F=9.125...
Compiling module unisims_ver.BUFG
Compiling module xil_defaultlib.clk_wiz_0
Compiling module unisims_ver.x_lut2_mux4
Compiling module unisims_ver.LUT2
Compiling module unisims_ver.XOR2
Compiling module unisims_ver.ffsrce_fdce
Compiling module unisims_ver.FDCE
Compiling module xil_defaultlib.FTCE_MXILINX_clkcntrl4
Compiling module unisims_ver.LUT4
Compiling module unisims_ver.AND4
Compiling module unisims_ver.x_lut3_mux4
Compiling module unisims_ver.x_lut3_mux4_reduced_0
Compiling module unisims_ver.LUT3
Compiling module unisims_ver.AND3
Compiling module unisims_ver.AND2
Compiling module unisims_ver.VCC
Compiling module xil_defaultlib.CB4CE_MXILINX_clkcntrl4
Compiling module unisims_ver.BUF
Compiling module xil_defaultlib.clkcntrl4
Compiling module unisims_ver.STARTUPE2
Compiling module xil_defaultlib.lab7_clks
Compiling module unisims_ver.FDRE(INIT=1'b1)
Compiling module xil_defaultlib.rndNum
Compiling module xil_defaultlib.m4_1e
Compiling module xil_defaultlib.mux2_1
Compiling module xil_defaultlib.countUD5L
Compiling module xil_defaultlib.countUD10L
Compiling module xil_defaultlib.slug
Compiling module xil_defaultlib.edgeDect
Compiling module xil_defaultlib.rect
Compiling module xil_defaultlib.vertBar
Compiling module xil_defaultlib.horBar
Compiling module xil_defaultlib.VGAcontr
Compiling module xil_defaultlib.RingCNT
Compiling module xil_defaultlib.Selector
Compiling module xil_defaultlib.m8_1e
Compiling module xil_defaultlib.hex7seg
Compiling module xil_defaultlib.countUD4ut10
Compiling module xil_defaultlib.countUD4ut6
Compiling module xil_defaultlib.m2_1x16
Compiling module xil_defaultlib.TopMod
Compiling module xil_defaultlib.check_the_sync_signals
Compiling module xil_defaultlib.check_the_rgb_signals
Compiling module xil_defaultlib.testSyncs
Compiling module xil_defaultlib.glbl
Built simulation snapshot testSyncs_behav
