#-----------------------------------------------------------
# Vivado v2016.3 (64-bit)
# SW Build 1682563 on Mon Oct 10 19:07:27 MDT 2016
# IP Build 1681267 on Mon Oct 10 21:28:31 MDT 2016
# Start of session at: Fri Nov 23 14:12:56 2018
# Process ID: 22440
# Current directory: C:/Users/David/Documents/UCSC/CMPE100/Lab5
# Command line: vivado.exe -gui_launcher_event rodinguilauncherevent23420 C:\Users\David\Documents\UCSC\CMPE100\Lab5\Lab5.xpr
# Log file: C:/Users/David/Documents/UCSC/CMPE100/Lab5/vivado.log
# Journal file: C:/Users/David/Documents/UCSC/CMPE100/Lab5\vivado.jou
#-----------------------------------------------------------
start_gui
open_project C:/Users/David/Documents/UCSC/CMPE100/Lab5/Lab5.xpr
Scanning sources...
Finished scanning sources
WARNING: [filemgmt 56-3] IP Output Repository Path: Could not find the directory 'C:/Users/David/Documents/UCSC/CMPE100/Lab5/Lab5.cache/ip'.
INFO: [IP_Flow 19-234] Refreshing IP repositories
INFO: [IP_Flow 19-1704] No user IP repositories specified
INFO: [IP_Flow 19-2313] Loaded Vivado IP repository 'C:/Xilinx/Vivado/2016.3/data/ip'.
open_project: Time (s): cpu = 00:00:12 ; elapsed = 00:00:07 . Memory (MB): peak = 771.270 ; gain = 130.023
exit
INFO: [Common 17-206] Exiting Vivado at Fri Nov 23 16:29:43 2018...
