Copyright 1986-2016 Xilinx, Inc. All Rights Reserved.
-------------------------------------------------------------------------------------------------------------------
| Tool Version : Vivado v.2016.3 (win64) Build 1682563 Mon Oct 10 19:07:27 MDT 2016
| Date         : Fri Dec 07 20:55:28 2018
| Host         : DESKTOP-1VTC6TD running 64-bit major release  (build 9200)
| Command      : report_methodology -file TopMod_methodology_drc_routed.rpt -rpx TopMod_methodology_drc_routed.rpx
| Design       : TopMod
| Device       : xc7a35tcpg236-1
| Speed File   : -1
| Design State : Routed
-------------------------------------------------------------------------------------------------------------------

Report Methodology

Table of Contents
-----------------
1. REPORT SUMMARY
2. REPORT DETAILS

1. REPORT SUMMARY
-----------------
            Netlist: netlist
          Floorplan: design_1
      Design limits: <entire design considered>
             Max violations: <unlimited>
             Violations found: 62
+-----------+----------+-------------------------------+------------+
| Rule      | Severity | Description                   | Violations |
+-----------+----------+-------------------------------+------------+
| TIMING-18 | Warning  | Missing input or output delay | 62         |
+-----------+----------+-------------------------------+------------+

2. REPORT DETAILS
-----------------
TIMING-18#1 Warning
Missing input or output delay  
An input delay is missing on btnC relative to clock(s) VIRTUAL_clk_out1_clk_wiz_0 
Related violations: <none>

TIMING-18#2 Warning
Missing input or output delay  
An input delay is missing on btnD relative to clock(s) VIRTUAL_clk_out1_clk_wiz_0 
Related violations: <none>

TIMING-18#3 Warning
Missing input or output delay  
An input delay is missing on btnL relative to clock(s) VIRTUAL_clk_out1_clk_wiz_0 
Related violations: <none>

TIMING-18#4 Warning
Missing input or output delay  
An input delay is missing on btnR relative to clock(s) VIRTUAL_clk_out1_clk_wiz_0 
Related violations: <none>

TIMING-18#5 Warning
Missing input or output delay  
An input delay is missing on btnU relative to clock(s) VIRTUAL_clk_out1_clk_wiz_0 
Related violations: <none>

TIMING-18#6 Warning
Missing input or output delay  
An input delay is missing on sw[0] relative to clock(s) VIRTUAL_clk_out1_clk_wiz_0 
Related violations: <none>

TIMING-18#7 Warning
Missing input or output delay  
An input delay is missing on sw[10] relative to clock(s) VIRTUAL_clk_out1_clk_wiz_0 
Related violations: <none>

TIMING-18#8 Warning
Missing input or output delay  
An input delay is missing on sw[11] relative to clock(s) VIRTUAL_clk_out1_clk_wiz_0 
Related violations: <none>

TIMING-18#9 Warning
Missing input or output delay  
An input delay is missing on sw[12] relative to clock(s) VIRTUAL_clk_out1_clk_wiz_0 
Related violations: <none>

TIMING-18#10 Warning
Missing input or output delay  
An input delay is missing on sw[13] relative to clock(s) VIRTUAL_clk_out1_clk_wiz_0 
Related violations: <none>

TIMING-18#11 Warning
Missing input or output delay  
An input delay is missing on sw[14] relative to clock(s) VIRTUAL_clk_out1_clk_wiz_0 
Related violations: <none>

TIMING-18#12 Warning
Missing input or output delay  
An input delay is missing on sw[15] relative to clock(s) VIRTUAL_clk_out1_clk_wiz_0 
Related violations: <none>

TIMING-18#13 Warning
Missing input or output delay  
An input delay is missing on sw[1] relative to clock(s) VIRTUAL_clk_out1_clk_wiz_0 
Related violations: <none>

TIMING-18#14 Warning
Missing input or output delay  
An input delay is missing on sw[2] relative to clock(s) VIRTUAL_clk_out1_clk_wiz_0 
Related violations: <none>

TIMING-18#15 Warning
Missing input or output delay  
An input delay is missing on sw[3] relative to clock(s) VIRTUAL_clk_out1_clk_wiz_0 
Related violations: <none>

TIMING-18#16 Warning
Missing input or output delay  
An input delay is missing on sw[4] relative to clock(s) VIRTUAL_clk_out1_clk_wiz_0 
Related violations: <none>

TIMING-18#17 Warning
Missing input or output delay  
An input delay is missing on sw[5] relative to clock(s) VIRTUAL_clk_out1_clk_wiz_0 
Related violations: <none>

TIMING-18#18 Warning
Missing input or output delay  
An input delay is missing on sw[6] relative to clock(s) VIRTUAL_clk_out1_clk_wiz_0 
Related violations: <none>

TIMING-18#19 Warning
Missing input or output delay  
An input delay is missing on sw[7] relative to clock(s) VIRTUAL_clk_out1_clk_wiz_0 
Related violations: <none>

TIMING-18#20 Warning
Missing input or output delay  
An input delay is missing on sw[8] relative to clock(s) VIRTUAL_clk_out1_clk_wiz_0 
Related violations: <none>

TIMING-18#21 Warning
Missing input or output delay  
An input delay is missing on sw[9] relative to clock(s) VIRTUAL_clk_out1_clk_wiz_0 
Related violations: <none>

TIMING-18#22 Warning
Missing input or output delay  
An output delay is missing on Hsync relative to clock(s) VIRTUAL_clk_out1_clk_wiz_0 
Related violations: <none>

TIMING-18#23 Warning
Missing input or output delay  
An output delay is missing on Vsync relative to clock(s) VIRTUAL_clk_out1_clk_wiz_0 
Related violations: <none>

TIMING-18#24 Warning
Missing input or output delay  
An output delay is missing on an[0] relative to clock(s) VIRTUAL_clk_out1_clk_wiz_0 
Related violations: <none>

TIMING-18#25 Warning
Missing input or output delay  
An output delay is missing on an[1] relative to clock(s) VIRTUAL_clk_out1_clk_wiz_0 
Related violations: <none>

TIMING-18#26 Warning
Missing input or output delay  
An output delay is missing on an[2] relative to clock(s) VIRTUAL_clk_out1_clk_wiz_0 
Related violations: <none>

TIMING-18#27 Warning
Missing input or output delay  
An output delay is missing on an[3] relative to clock(s) VIRTUAL_clk_out1_clk_wiz_0 
Related violations: <none>

TIMING-18#28 Warning
Missing input or output delay  
An output delay is missing on led[0] relative to clock(s) VIRTUAL_clk_out1_clk_wiz_0 
Related violations: <none>

TIMING-18#29 Warning
Missing input or output delay  
An output delay is missing on led[10] relative to clock(s) VIRTUAL_clk_out1_clk_wiz_0 
Related violations: <none>

TIMING-18#30 Warning
Missing input or output delay  
An output delay is missing on led[11] relative to clock(s) VIRTUAL_clk_out1_clk_wiz_0 
Related violations: <none>

TIMING-18#31 Warning
Missing input or output delay  
An output delay is missing on led[12] relative to clock(s) VIRTUAL_clk_out1_clk_wiz_0 
Related violations: <none>

TIMING-18#32 Warning
Missing input or output delay  
An output delay is missing on led[13] relative to clock(s) VIRTUAL_clk_out1_clk_wiz_0 
Related violations: <none>

TIMING-18#33 Warning
Missing input or output delay  
An output delay is missing on led[14] relative to clock(s) VIRTUAL_clk_out1_clk_wiz_0 
Related violations: <none>

TIMING-18#34 Warning
Missing input or output delay  
An output delay is missing on led[15] relative to clock(s) VIRTUAL_clk_out1_clk_wiz_0 
Related violations: <none>

TIMING-18#35 Warning
Missing input or output delay  
An output delay is missing on led[1] relative to clock(s) VIRTUAL_clk_out1_clk_wiz_0 
Related violations: <none>

TIMING-18#36 Warning
Missing input or output delay  
An output delay is missing on led[2] relative to clock(s) VIRTUAL_clk_out1_clk_wiz_0 
Related violations: <none>

TIMING-18#37 Warning
Missing input or output delay  
An output delay is missing on led[3] relative to clock(s) VIRTUAL_clk_out1_clk_wiz_0 
Related violations: <none>

TIMING-18#38 Warning
Missing input or output delay  
An output delay is missing on led[4] relative to clock(s) VIRTUAL_clk_out1_clk_wiz_0 
Related violations: <none>

TIMING-18#39 Warning
Missing input or output delay  
An output delay is missing on led[5] relative to clock(s) VIRTUAL_clk_out1_clk_wiz_0 
Related violations: <none>

TIMING-18#40 Warning
Missing input or output delay  
An output delay is missing on led[6] relative to clock(s) VIRTUAL_clk_out1_clk_wiz_0 
Related violations: <none>

TIMING-18#41 Warning
Missing input or output delay  
An output delay is missing on led[7] relative to clock(s) VIRTUAL_clk_out1_clk_wiz_0 
Related violations: <none>

TIMING-18#42 Warning
Missing input or output delay  
An output delay is missing on led[8] relative to clock(s) VIRTUAL_clk_out1_clk_wiz_0 
Related violations: <none>

TIMING-18#43 Warning
Missing input or output delay  
An output delay is missing on led[9] relative to clock(s) VIRTUAL_clk_out1_clk_wiz_0 
Related violations: <none>

TIMING-18#44 Warning
Missing input or output delay  
An output delay is missing on seg[0] relative to clock(s) VIRTUAL_clk_out1_clk_wiz_0 
Related violations: <none>

TIMING-18#45 Warning
Missing input or output delay  
An output delay is missing on seg[1] relative to clock(s) VIRTUAL_clk_out1_clk_wiz_0 
Related violations: <none>

TIMING-18#46 Warning
Missing input or output delay  
An output delay is missing on seg[2] relative to clock(s) VIRTUAL_clk_out1_clk_wiz_0 
Related violations: <none>

TIMING-18#47 Warning
Missing input or output delay  
An output delay is missing on seg[3] relative to clock(s) VIRTUAL_clk_out1_clk_wiz_0 
Related violations: <none>

TIMING-18#48 Warning
Missing input or output delay  
An output delay is missing on seg[4] relative to clock(s) VIRTUAL_clk_out1_clk_wiz_0 
Related violations: <none>

TIMING-18#49 Warning
Missing input or output delay  
An output delay is missing on seg[5] relative to clock(s) VIRTUAL_clk_out1_clk_wiz_0 
Related violations: <none>

TIMING-18#50 Warning
Missing input or output delay  
An output delay is missing on seg[6] relative to clock(s) VIRTUAL_clk_out1_clk_wiz_0 
Related violations: <none>

TIMING-18#51 Warning
Missing input or output delay  
An output delay is missing on vgaBlue[0] relative to clock(s) VIRTUAL_clk_out1_clk_wiz_0 
Related violations: <none>

TIMING-18#52 Warning
Missing input or output delay  
An output delay is missing on vgaBlue[1] relative to clock(s) VIRTUAL_clk_out1_clk_wiz_0 
Related violations: <none>

TIMING-18#53 Warning
Missing input or output delay  
An output delay is missing on vgaBlue[2] relative to clock(s) VIRTUAL_clk_out1_clk_wiz_0 
Related violations: <none>

TIMING-18#54 Warning
Missing input or output delay  
An output delay is missing on vgaBlue[3] relative to clock(s) VIRTUAL_clk_out1_clk_wiz_0 
Related violations: <none>

TIMING-18#55 Warning
Missing input or output delay  
An output delay is missing on vgaGreen[0] relative to clock(s) VIRTUAL_clk_out1_clk_wiz_0 
Related violations: <none>

TIMING-18#56 Warning
Missing input or output delay  
An output delay is missing on vgaGreen[1] relative to clock(s) VIRTUAL_clk_out1_clk_wiz_0 
Related violations: <none>

TIMING-18#57 Warning
Missing input or output delay  
An output delay is missing on vgaGreen[2] relative to clock(s) VIRTUAL_clk_out1_clk_wiz_0 
Related violations: <none>

TIMING-18#58 Warning
Missing input or output delay  
An output delay is missing on vgaGreen[3] relative to clock(s) VIRTUAL_clk_out1_clk_wiz_0 
Related violations: <none>

TIMING-18#59 Warning
Missing input or output delay  
An output delay is missing on vgaRed[0] relative to clock(s) VIRTUAL_clk_out1_clk_wiz_0 
Related violations: <none>

TIMING-18#60 Warning
Missing input or output delay  
An output delay is missing on vgaRed[1] relative to clock(s) VIRTUAL_clk_out1_clk_wiz_0 
Related violations: <none>

TIMING-18#61 Warning
Missing input or output delay  
An output delay is missing on vgaRed[2] relative to clock(s) VIRTUAL_clk_out1_clk_wiz_0 
Related violations: <none>

TIMING-18#62 Warning
Missing input or output delay  
An output delay is missing on vgaRed[3] relative to clock(s) VIRTUAL_clk_out1_clk_wiz_0 
Related violations: <none>


